app/build/intermediates/manifest_merge_blame_file/debug/manifest-merger-blame-debug-report.txt
1<?xml version="1.0" encoding="utf-8"?>
2<manifest xmlns:android="http://schemas.android.com/apk/res/android"
3    package="in.gamernation.app"
4    android:versionCode="1"
5    android:versionName="1.0" >
6
7    <uses-sdk
8        android:minSdkVersion="26"
8-->src/main/AndroidManifest.xml
9        android:targetSdkVersion="30" />
9-->src/main/AndroidManifest.xml
10
11    <uses-permission android:name="android.permission.INTERNET" />
11-->src/main/AndroidManifest.xml:5:5-67
11-->src/main/AndroidManifest.xml:5:22-64
12    <uses-permission android:name="android.permission.ACCESS_NETWORK_STATE" />
12-->src/main/AndroidManifest.xml:6:5-79
12-->src/main/AndroidManifest.xml:6:22-76
13
14    <application
14-->src/main/AndroidManifest.xml:8:5-30:19
15        android:allowBackup="true"
15-->src/main/AndroidManifest.xml:9:9-35
16        android:appComponentFactory="androidx.core.app.CoreComponentFactory"
16-->[androidx.core:core:1.5.0] AndroidManifest.xml:24:18-86
17        android:debuggable="true"
18        android:extractNativeLibs="false"
19        android:icon="@drawable/splash_logo"
19-->src/main/AndroidManifest.xml:10:9-45
20        android:label="@string/app_name"
20-->src/main/AndroidManifest.xml:11:9-41
21        android:roundIcon="@mipmap/ic_launcher_round"
21-->src/main/AndroidManifest.xml:12:9-54
22        android:supportsRtl="true"
22-->src/main/AndroidManifest.xml:13:9-35
23        android:testOnly="true"
24        android:theme="@style/Theme.Gamernation" >
24-->src/main/AndroidManifest.xml:14:9-49
25        <activity android:name="in.gamernation.app.Startup.Login" />
25-->src/main/AndroidManifest.xml:15:9-60
25-->src/main/AndroidManifest.xml:15:19-48
26        <activity android:name="in.gamernation.app.ZTest.TestActivity" />
26-->src/main/AndroidManifest.xml:16:9-56
26-->src/main/AndroidManifest.xml:16:19-53
27        <activity android:name="in.gamernation.app.Activities.HomeActivity" />
27-->src/main/AndroidManifest.xml:17:9-61
27-->src/main/AndroidManifest.xml:17:19-58
28        <activity android:name="in.gamernation.app.Startup.Splash" >
28-->src/main/AndroidManifest.xml:18:9-24:20
28-->src/main/AndroidManifest.xml:18:19-49
29            <intent-filter>
29-->src/main/AndroidManifest.xml:19:13-23:29
30                <action android:name="android.intent.action.MAIN" />
30-->src/main/AndroidManifest.xml:20:17-69
30-->src/main/AndroidManifest.xml:20:25-66
31
32                <category android:name="android.intent.category.LAUNCHER" />
32-->src/main/AndroidManifest.xml:22:17-77
32-->src/main/AndroidManifest.xml:22:27-74
33            </intent-filter>
34        </activity>
35        <activity android:name="in.gamernation.app.MainActivity" />
35-->src/main/AndroidManifest.xml:25:9-50
35-->src/main/AndroidManifest.xml:25:19-47
36
37        <meta-data
37-->src/main/AndroidManifest.xml:27:9-29:57
38            android:name="preloaded_fonts"
38-->src/main/AndroidManifest.xml:28:13-43
39            android:resource="@array/preloaded_fonts" />
39-->src/main/AndroidManifest.xml:29:13-54
40
41        <provider
41-->[com.squareup.picasso:picasso:2.71828] AndroidManifest.xml:8:9-11:40
42            android:name="com.squareup.picasso.PicassoProvider"
42-->[com.squareup.picasso:picasso:2.71828] AndroidManifest.xml:9:13-64
43            android:authorities="in.gamernation.app.com.squareup.picasso"
43-->[com.squareup.picasso:picasso:2.71828] AndroidManifest.xml:10:13-72
44            android:exported="false" />
44-->[com.squareup.picasso:picasso:2.71828] AndroidManifest.xml:11:13-37
45    </application>
46
47</manifest>